<?xml version="1.0" encoding="UTF-8"?>
<!-- Generated by org.testng.reporters.JUnitReportReporter -->
<testsuite skipped="0" hostname="HTSLAP42" name="week5.day1.Learningtestng.Edit_Lead" tests="1" failures="0" timestamp="10 Mar 2019 08:44:22 GMT" time="31.545" errors="0">
  <testcase name="edit_Lead" time="31.545" classname="week5.day1.Learningtestng.Edit_Lead"/>
</testsuite> <!-- week5.day1.Learningtestng.Edit_Lead -->
