<?xml version="1.0" encoding="UTF-8"?>
<!-- Generated by org.testng.reporters.JUnitReportReporter -->
<testsuite skipped="0" hostname="HTSLAP42" name="week5.day1.Learningtestng.Create_Lead" tests="2" failures="0" timestamp="10 Mar 2019 08:44:22 GMT" time="50.120" errors="0">
  <testcase name="create_lead" time="22.261" classname="week5.day1.Learningtestng.Create_Lead"/>
  <testcase name="create_lead" time="27.859" classname="week5.day1.Learningtestng.Create_Lead"/>
</testsuite> <!-- week5.day1.Learningtestng.Create_Lead -->
