<?xml version="1.0" encoding="UTF-8"?>
<!-- Generated by org.testng.reporters.JUnitReportReporter -->
<testsuite skipped="0" hostname="HTSLAP42" name="runner.Start_Runner" tests="1" failures="0" timestamp="21 Mar 2019 05:11:28 GMT" time="22.898" errors="0">
  <testcase name="runScenario" time="22.898" classname="runner.Start_Runner"/>
</testsuite> <!-- runner.Start_Runner -->
