<?xml version="1.0" encoding="UTF-8"?>
<!-- Generated by org.testng.reporters.JUnitReportReporter -->
<testsuite skipped="0" hostname="HTSLAP42" name="runner.Runner" tests="1" failures="0" timestamp="23 Mar 2019 20:03:01 GMT" time="13.954" errors="0">
  <testcase name="runScenario" time="13.954" classname="runner.Runner"/>
</testsuite> <!-- runner.Runner -->
