<?xml version="1.0" encoding="UTF-8"?>
<!-- Generated by org.testng.reporters.JUnitReportReporter -->
<testsuite skipped="0" hostname="HTSLAP42" name="com.yalla.testcases.TC002_CreateLead" tests="2" failures="0" timestamp="23 Mar 2019 11:29:47 GMT" time="51.612" errors="0">
  <testcase name="loginAndLogout" time="25.734" classname="com.yalla.testcases.TC002_CreateLead"/>
  <testcase name="loginAndLogout" time="25.878" classname="com.yalla.testcases.TC002_CreateLead"/>
</testsuite> <!-- com.yalla.testcases.TC002_CreateLead -->
