<?xml version="1.0" encoding="UTF-8"?>
<!-- Generated by org.testng.reporters.JUnitReportReporter -->
<testsuite skipped="0" hostname="HTSLAP42" name="runner.Runner" tests="1" failures="0" timestamp="23 Mar 2019 20:20:30 GMT" time="9.418" errors="0">
  <testcase name="runScenario" time="9.418" classname="runner.Runner"/>
</testsuite> <!-- runner.Runner -->
