<?xml version="1.0" encoding="UTF-8"?>
<!-- Generated by org.testng.reporters.JUnitReportReporter -->
<testsuite skipped="0" hostname="HTSLAP42" name="testCases.Delete_Lead_TestCase" tests="1" failures="0" timestamp="23 Mar 2019 07:22:16 GMT" time="38.191" errors="0">
  <testcase name="delet_Lead" time="38.191" classname="testCases.Delete_Lead_TestCase"/>
</testsuite> <!-- testCases.Delete_Lead_TestCase -->
