<?xml version="1.0" encoding="UTF-8"?>
<!-- Generated by org.testng.reporters.JUnitReportReporter -->
<testsuite skipped="0" hostname="HTSLAP42" name="testCases.Creaet_Lead_TestCase" tests="2" failures="0" timestamp="23 Mar 2019 06:19:29 GMT" time="42.557" errors="0">
  <testcase name="CreateLeads" time="18.498" classname="testCases.Creaet_Lead_TestCase"/>
  <testcase name="CreateLeads" time="24.059" classname="testCases.Creaet_Lead_TestCase"/>
</testsuite> <!-- testCases.Creaet_Lead_TestCase -->
