<?xml version="1.0" encoding="UTF-8"?>
<!-- Generated by org.testng.reporters.JUnitReportReporter -->
<testsuite skipped="0" hostname="HTSLAP42" name="runner.Runner" tests="1" failures="0" timestamp="23 Mar 2019 18:46:07 GMT" time="10.860" errors="0">
  <testcase name="runScenario" time="10.860" classname="runner.Runner"/>
</testsuite> <!-- runner.Runner -->
